<?xml version="1.0" encoding="UTF-8"?>
<coverage generated="1674499625374" clover="3.2.0">
  <project timestamp="1674499625374" name="All files">
    <metrics statements="44" coveredstatements="33" conditionals="13" coveredconditionals="6" methods="3" coveredmethods="2" elements="60" coveredelements="41" complexity="0" loc="44" ncloc="44" packages="2" files="4" classes="4"/>
    <package name="services">
      <metrics statements="35" coveredstatements="27" conditionals="13" coveredconditionals="6" methods="2" coveredmethods="2"/>
      <file name="geocoding.service.js" path="C:\Users\daniel.porto\Desktop\Proyectos\prueba-tecnica-superpersos\microservicioB\src\services\geocoding.service.js">
        <metrics statements="18" coveredstatements="14" conditionals="9" coveredconditionals="5" methods="1" coveredmethods="1"/>
        <line num="1" count="2" type="stmt"/>
        <line num="2" count="2" type="stmt"/>
        <line num="3" count="2" type="stmt"/>
        <line num="5" count="2" type="stmt"/>
        <line num="6" count="1" type="stmt"/>
        <line num="7" count="1" type="stmt"/>
        <line num="8" count="1" type="stmt"/>
        <line num="9" count="1" type="stmt"/>
        <line num="16" count="1" type="stmt"/>
        <line num="17" count="1" type="cond" truecount="1" falsecount="1"/>
        <line num="18" count="1" type="cond" truecount="4" falsecount="1"/>
        <line num="19" count="0" type="stmt"/>
        <line num="21" count="1" type="stmt"/>
        <line num="25" count="1" type="stmt"/>
        <line num="28" count="0" type="cond" truecount="0" falsecount="2"/>
        <line num="29" count="0" type="stmt"/>
        <line num="31" count="0" type="stmt"/>
        <line num="36" count="2" type="stmt"/>
      </file>
      <file name="weatherForecast.service.js" path="C:\Users\daniel.porto\Desktop\Proyectos\prueba-tecnica-superpersos\microservicioB\src\services\weatherForecast.service.js">
        <metrics statements="17" coveredstatements="13" conditionals="4" coveredconditionals="1" methods="1" coveredmethods="1"/>
        <line num="1" count="1" type="stmt"/>
        <line num="2" count="1" type="stmt"/>
        <line num="3" count="1" type="stmt"/>
        <line num="4" count="1" type="stmt"/>
        <line num="6" count="1" type="stmt"/>
        <line num="7" count="1" type="stmt"/>
        <line num="8" count="1" type="stmt"/>
        <line num="9" count="1" type="stmt"/>
        <line num="14" count="1" type="stmt"/>
        <line num="21" count="1" type="stmt"/>
        <line num="22" count="1" type="cond" truecount="1" falsecount="1"/>
        <line num="23" count="1" type="stmt"/>
        <line num="25" count="0" type="cond" truecount="0" falsecount="2"/>
        <line num="26" count="0" type="stmt"/>
        <line num="28" count="0" type="stmt"/>
        <line num="29" count="0" type="stmt"/>
        <line num="35" count="1" type="stmt"/>
      </file>
    </package>
    <package name="utils.errors">
      <metrics statements="9" coveredstatements="6" conditionals="0" coveredconditionals="0" methods="1" coveredmethods="0"/>
      <file name="ApiError.js" path="C:\Users\daniel.porto\Desktop\Proyectos\prueba-tecnica-superpersos\microservicioB\src\utils\errors\ApiError.js">
        <metrics statements="5" coveredstatements="2" conditionals="0" coveredconditionals="0" methods="1" coveredmethods="0"/>
        <line num="1" count="3" type="stmt"/>
        <line num="5" count="0" type="stmt"/>
        <line num="6" count="0" type="stmt"/>
        <line num="7" count="0" type="stmt"/>
        <line num="11" count="3" type="stmt"/>
      </file>
      <file name="errors.js" path="C:\Users\daniel.porto\Desktop\Proyectos\prueba-tecnica-superpersos\microservicioB\src\utils\errors\errors.js">
        <metrics statements="4" coveredstatements="4" conditionals="0" coveredconditionals="0" methods="0" coveredmethods="0"/>
        <line num="1" count="3" type="stmt"/>
        <line num="2" count="3" type="stmt"/>
        <line num="4" count="3" type="stmt"/>
        <line num="9" count="3" type="stmt"/>
      </file>
    </package>
  </project>
</coverage>
