{"C:\\Users\\daniel.porto\\Desktop\\Proyectos\\prueba-tecnica-superpersos\\microservicioB\\src\\services\\geocoding.service.js": {"path":"C:\\Users\\daniel.porto\\Desktop\\Proyectos\\prueba-tecnica-superpersos\\microservicioB\\src\\services\\geocoding.service.js","statementMap":{"0":{"start":{"line":1,"column":39},"end":{"line":1,"column":50}},"1":{"start":{"line":2,"column":14},"end":{"line":2,"column":30}},"2":{"start":{"line":3,"column":17},"end":{"line":3,"column":52}},"3":{"start":{"line":5,"column":33},"end":{"line":34,"column":1}},"4":{"start":{"line":6,"column":4},"end":{"line":33,"column":5}},"5":{"start":{"line":7,"column":29},"end":{"line":7,"column":62}},"6":{"start":{"line":8,"column":20},"end":{"line":8,"column":85}},"7":{"start":{"line":9,"column":23},"end":{"line":15,"column":14}},"8":{"start":{"line":16,"column":21},"end":{"line":16,"column":32}},"9":{"start":{"line":17,"column":8},"end":{"line":17,"column":46}},"10":{"start":{"line":17,"column":18},"end":{"line":17,"column":46}},"11":{"start":{"line":18,"column":8},"end":{"line":26,"column":9}},"12":{"start":{"line":19,"column":12},"end":{"line":19,"column":40}},"13":{"start":{"line":21,"column":32},"end":{"line":24,"column":13}},"14":{"start":{"line":25,"column":12},"end":{"line":25,"column":31}},"15":{"start":{"line":28,"column":8},"end":{"line":32,"column":9}},"16":{"start":{"line":29,"column":12},"end":{"line":29,"column":23}},"17":{"start":{"line":31,"column":12},"end":{"line":31,"column":40}},"18":{"start":{"line":36,"column":0},"end":{"line":38,"column":1}}},"fnMap":{"0":{"name":"(anonymous_0)","decl":{"start":{"line":5,"column":33},"end":{"line":5,"column":34}},"loc":{"start":{"line":5,"column":69},"end":{"line":34,"column":1}},"line":5}},"branchMap":{"0":{"loc":{"start":{"line":17,"column":8},"end":{"line":17,"column":46}},"type":"if","locations":[{"start":{"line":17,"column":8},"end":{"line":17,"column":46}},{"start":{},"end":{}}],"line":17},"1":{"loc":{"start":{"line":18,"column":8},"end":{"line":26,"column":9}},"type":"if","locations":[{"start":{"line":18,"column":8},"end":{"line":26,"column":9}},{"start":{"line":20,"column":13},"end":{"line":26,"column":9}}],"line":18},"2":{"loc":{"start":{"line":18,"column":12},"end":{"line":18,"column":51}},"type":"binary-expr","locations":[{"start":{"line":18,"column":12},"end":{"line":18,"column":16}},{"start":{"line":18,"column":20},"end":{"line":18,"column":39}},{"start":{"line":18,"column":43},"end":{"line":18,"column":51}}],"line":18},"3":{"loc":{"start":{"line":28,"column":8},"end":{"line":32,"column":9}},"type":"if","locations":[{"start":{"line":28,"column":8},"end":{"line":32,"column":9}},{"start":{"line":30,"column":13},"end":{"line":32,"column":9}}],"line":28}},"s":{"0":2,"1":2,"2":2,"3":2,"4":1,"5":1,"6":1,"7":1,"8":1,"9":1,"10":0,"11":1,"12":0,"13":1,"14":1,"15":0,"16":0,"17":0,"18":2},"f":{"0":1},"b":{"0":[0,1],"1":[0,1],"2":[1,1,1],"3":[0,0]},"_coverageSchema":"1a1c01bbd47fc00a2c39e90264f33305004495a9","hash":"9828f265a59b8acaac3036525de0d78d8c7b7458"}
,"C:\\Users\\daniel.porto\\Desktop\\Proyectos\\prueba-tecnica-superpersos\\microservicioB\\src\\services\\weatherForecast.service.js": {"path":"C:\\Users\\daniel.porto\\Desktop\\Proyectos\\prueba-tecnica-superpersos\\microservicioB\\src\\services\\weatherForecast.service.js","statementMap":{"0":{"start":{"line":1,"column":46},"end":{"line":1,"column":57}},"1":{"start":{"line":2,"column":17},"end":{"line":2,"column":52}},"2":{"start":{"line":3,"column":35},"end":{"line":3,"column":65}},"3":{"start":{"line":4,"column":14},"end":{"line":4,"column":30}},"4":{"start":{"line":6,"column":33},"end":{"line":32,"column":1}},"5":{"start":{"line":7,"column":2},"end":{"line":31,"column":3}},"6":{"start":{"line":8,"column":25},"end":{"line":8,"column":81}},"7":{"start":{"line":9,"column":16},"end":{"line":9,"column":84}},"8":{"start":{"line":14,"column":19},"end":{"line":20,"column":8}},"9":{"start":{"line":21,"column":17},"end":{"line":21,"column":28}},"10":{"start":{"line":22,"column":4},"end":{"line":22,"column":43}},"11":{"start":{"line":22,"column":15},"end":{"line":22,"column":43}},"12":{"start":{"line":23,"column":4},"end":{"line":23,"column":16}},"13":{"start":{"line":25,"column":4},"end":{"line":30,"column":5}},"14":{"start":{"line":26,"column":6},"end":{"line":26,"column":17}},"15":{"start":{"line":28,"column":6},"end":{"line":28,"column":24}},"16":{"start":{"line":29,"column":6},"end":{"line":29,"column":34}},"17":{"start":{"line":35,"column":0},"end":{"line":35,"column":45}}},"fnMap":{"0":{"name":"(anonymous_0)","decl":{"start":{"line":6,"column":33},"end":{"line":6,"column":34}},"loc":{"start":{"line":6,"column":69},"end":{"line":32,"column":1}},"line":6}},"branchMap":{"0":{"loc":{"start":{"line":22,"column":4},"end":{"line":22,"column":43}},"type":"if","locations":[{"start":{"line":22,"column":4},"end":{"line":22,"column":43}},{"start":{},"end":{}}],"line":22},"1":{"loc":{"start":{"line":25,"column":4},"end":{"line":30,"column":5}},"type":"if","locations":[{"start":{"line":25,"column":4},"end":{"line":30,"column":5}},{"start":{"line":27,"column":11},"end":{"line":30,"column":5}}],"line":25}},"s":{"0":1,"1":1,"2":1,"3":1,"4":1,"5":1,"6":1,"7":1,"8":1,"9":1,"10":1,"11":0,"12":1,"13":0,"14":0,"15":0,"16":0,"17":1},"f":{"0":1},"b":{"0":[0,1],"1":[0,0]},"_coverageSchema":"1a1c01bbd47fc00a2c39e90264f33305004495a9","hash":"79071a56ad74ee44cc531bd7dd3224294252ec03"}
,"C:\\Users\\daniel.porto\\Desktop\\Proyectos\\prueba-tecnica-superpersos\\microservicioB\\src\\utils\\errors\\ApiError.js": {"path":"C:\\Users\\daniel.porto\\Desktop\\Proyectos\\prueba-tecnica-superpersos\\microservicioB\\src\\utils\\errors\\ApiError.js","statementMap":{"0":{"start":{"line":1,"column":15},"end":{"line":1,"column":34}},"1":{"start":{"line":5,"column":8},"end":{"line":5,"column":41}},"2":{"start":{"line":6,"column":8},"end":{"line":6,"column":54}},"3":{"start":{"line":7,"column":8},"end":{"line":7,"column":35}},"4":{"start":{"line":11,"column":0},"end":{"line":11,"column":26}}},"fnMap":{"0":{"name":"(anonymous_0)","decl":{"start":{"line":4,"column":4},"end":{"line":4,"column":5}},"loc":{"start":{"line":4,"column":26},"end":{"line":8,"column":5}},"line":4}},"branchMap":{},"s":{"0":3,"1":0,"2":0,"3":0,"4":3},"f":{"0":0},"b":{},"_coverageSchema":"1a1c01bbd47fc00a2c39e90264f33305004495a9","hash":"c4054fef24bdf8a3788dfa029fc75d07cb86da84"}
,"C:\\Users\\daniel.porto\\Desktop\\Proyectos\\prueba-tecnica-superpersos\\microservicioB\\src\\utils\\errors\\errors.js": {"path":"C:\\Users\\daniel.porto\\Desktop\\Proyectos\\prueba-tecnica-superpersos\\microservicioB\\src\\utils\\errors\\errors.js","statementMap":{"0":{"start":{"line":1,"column":23},"end":{"line":1,"column":56}},"1":{"start":{"line":2,"column":24},"end":{"line":2,"column":58}},"2":{"start":{"line":4,"column":15},"end":{"line":7,"column":1}},"3":{"start":{"line":9,"column":0},"end":{"line":9,"column":24}}},"fnMap":{},"branchMap":{},"s":{"0":3,"1":3,"2":3,"3":3},"f":{},"b":{},"_coverageSchema":"1a1c01bbd47fc00a2c39e90264f33305004495a9","hash":"61ce294596d8850174acd338332f5af6dee5937a"}
}
